app/build/intermediates/manifest_merge_blame_file/debug/processDebugMainManifest/manifest-merger-blame-debug-report.txt
1<?xml version="1.0" encoding="utf-8"?>
2<manifest xmlns:android="http://schemas.android.com/apk/res/android"
3    package="com.aistudio.sasha.v2"
4    android:versionCode="2"
5    android:versionName="2.0" >
6
7    <uses-sdk
8        android:minSdkVersion="24"
9        android:targetSdkVersion="34" />
10
11    <uses-permission android:name="android.permission.INTERNET" />
11-->src/main/AndroidManifest.xml:5:5-67
11-->src/main/AndroidManifest.xml:5:22-64
12    <uses-permission android:name="android.permission.ACCESS_NETWORK_STATE" />
12-->src/main/AndroidManifest.xml:6:5-79
12-->src/main/AndroidManifest.xml:6:22-76
13    <uses-permission android:name="android.permission.RECORD_AUDIO" />
13-->src/main/AndroidManifest.xml:7:5-71
13-->src/main/AndroidManifest.xml:7:22-68
14    <uses-permission android:name="android.permission.READ_EXTERNAL_STORAGE" />
14-->src/main/AndroidManifest.xml:8:5-80
14-->src/main/AndroidManifest.xml:8:22-77
15    <uses-permission android:name="android.permission.WRITE_EXTERNAL_STORAGE" />
15-->src/main/AndroidManifest.xml:9:5-81
15-->src/main/AndroidManifest.xml:9:22-78
16    <uses-permission android:name="android.permission.READ_CONTACTS" />
16-->src/main/AndroidManifest.xml:10:5-72
16-->src/main/AndroidManifest.xml:10:22-69
17    <uses-permission android:name="android.permission.SEND_SMS" />
17-->src/main/AndroidManifest.xml:11:5-67
17-->src/main/AndroidManifest.xml:11:22-64
18    <uses-permission android:name="android.permission.CALL_PHONE" />
18-->src/main/AndroidManifest.xml:12:5-69
18-->src/main/AndroidManifest.xml:12:22-66
19    <uses-permission android:name="android.permission.QUERY_ALL_PACKAGES" />
19-->src/main/AndroidManifest.xml:13:5-14:53
19-->src/main/AndroidManifest.xml:13:22-74
20
21    <!-- Required for Text-to-Speech and Speech Recognition on Android 11+ -->
22    <queries>
22-->src/main/AndroidManifest.xml:17:5-29:15
23        <intent>
23-->src/main/AndroidManifest.xml:18:9-20:18
24            <action android:name="android.intent.action.TTS_SERVICE" />
24-->src/main/AndroidManifest.xml:19:13-72
24-->src/main/AndroidManifest.xml:19:21-69
25        </intent>
26        <intent>
26-->src/main/AndroidManifest.xml:21:9-23:18
27            <action android:name="android.speech.RecognitionService" />
27-->src/main/AndroidManifest.xml:22:13-72
27-->src/main/AndroidManifest.xml:22:21-69
28        </intent>
29        <!-- Allows launching any installed app -->
30        <intent>
30-->src/main/AndroidManifest.xml:25:9-28:18
31            <action android:name="android.intent.action.MAIN" />
31-->src/main/AndroidManifest.xml:26:13-65
31-->src/main/AndroidManifest.xml:26:21-62
32
33            <category android:name="android.intent.category.LAUNCHER" />
33-->src/main/AndroidManifest.xml:27:13-73
33-->src/main/AndroidManifest.xml:27:23-70
34        </intent>
35    </queries>
36
37    <permission
37-->[androidx.core:core:1.13.1] AndroidManifest.xml:22:5-24:47
38        android:name="com.aistudio.sasha.v2.DYNAMIC_RECEIVER_NOT_EXPORTED_PERMISSION"
38-->[androidx.core:core:1.13.1] AndroidManifest.xml:23:9-81
39        android:protectionLevel="signature" />
39-->[androidx.core:core:1.13.1] AndroidManifest.xml:24:9-44
40
41    <uses-permission android:name="com.aistudio.sasha.v2.DYNAMIC_RECEIVER_NOT_EXPORTED_PERMISSION" />
41-->[androidx.core:core:1.13.1] AndroidManifest.xml:26:5-97
41-->[androidx.core:core:1.13.1] AndroidManifest.xml:26:22-94
42
43    <application
43-->src/main/AndroidManifest.xml:31:5-52:19
44        android:name="com.example.MyApplication"
44-->src/main/AndroidManifest.xml:32:9-38
45        android:allowBackup="true"
45-->src/main/AndroidManifest.xml:33:9-35
46        android:appComponentFactory="androidx.core.app.CoreComponentFactory"
46-->[androidx.core:core:1.13.1] AndroidManifest.xml:28:18-86
47        android:dataExtractionRules="@xml/data_extraction_rules"
47-->src/main/AndroidManifest.xml:34:9-65
48        android:debuggable="true"
49        android:extractNativeLibs="false"
50        android:fullBackupContent="@xml/backup_rules"
50-->src/main/AndroidManifest.xml:35:9-54
51        android:icon="@mipmap/ic_launcher"
51-->src/main/AndroidManifest.xml:36:9-43
52        android:label="@string/app_name"
52-->src/main/AndroidManifest.xml:37:9-41
53        android:roundIcon="@mipmap/ic_launcher_round"
53-->src/main/AndroidManifest.xml:38:9-54
54        android:supportsRtl="true"
54-->src/main/AndroidManifest.xml:39:9-35
55        android:theme="@style/Theme.MyApplication" >
55-->src/main/AndroidManifest.xml:40:9-51
56        <activity
56-->src/main/AndroidManifest.xml:41:9-51:20
57            android:name="com.example.presentation.MainActivity"
57-->src/main/AndroidManifest.xml:42:13-54
58            android:exported="true"
58-->src/main/AndroidManifest.xml:43:13-36
59            android:label="@string/app_name"
59-->src/main/AndroidManifest.xml:44:13-45
60            android:theme="@style/Theme.MyApplication" >
60-->src/main/AndroidManifest.xml:45:13-55
61            <intent-filter>
61-->src/main/AndroidManifest.xml:46:13-50:29
62                <action android:name="android.intent.action.MAIN" />
62-->src/main/AndroidManifest.xml:26:13-65
62-->src/main/AndroidManifest.xml:26:21-62
63
64                <category android:name="android.intent.category.LAUNCHER" />
64-->src/main/AndroidManifest.xml:27:13-73
64-->src/main/AndroidManifest.xml:27:23-70
65            </intent-filter>
66        </activity>
67        <activity
67-->[androidx.compose.ui:ui-test-manifest:1.6.8] AndroidManifest.xml:23:9-25:39
68            android:name="androidx.activity.ComponentActivity"
68-->[androidx.compose.ui:ui-test-manifest:1.6.8] AndroidManifest.xml:24:13-63
69            android:exported="true" />
69-->[androidx.compose.ui:ui-test-manifest:1.6.8] AndroidManifest.xml:25:13-36
70        <activity
70-->[androidx.compose.ui:ui-tooling-android:1.6.8] AndroidManifest.xml:23:9-25:39
71            android:name="androidx.compose.ui.tooling.PreviewActivity"
71-->[androidx.compose.ui:ui-tooling-android:1.6.8] AndroidManifest.xml:24:13-71
72            android:exported="true" />
72-->[androidx.compose.ui:ui-tooling-android:1.6.8] AndroidManifest.xml:25:13-36
73
74        <provider
74-->[androidx.emoji2:emoji2:1.3.0] AndroidManifest.xml:24:9-32:20
75            android:name="androidx.startup.InitializationProvider"
75-->[androidx.emoji2:emoji2:1.3.0] AndroidManifest.xml:25:13-67
76            android:authorities="com.aistudio.sasha.v2.androidx-startup"
76-->[androidx.emoji2:emoji2:1.3.0] AndroidManifest.xml:26:13-68
77            android:exported="false" >
77-->[androidx.emoji2:emoji2:1.3.0] AndroidManifest.xml:27:13-37
78            <meta-data
78-->[androidx.emoji2:emoji2:1.3.0] AndroidManifest.xml:29:13-31:52
79                android:name="androidx.emoji2.text.EmojiCompatInitializer"
79-->[androidx.emoji2:emoji2:1.3.0] AndroidManifest.xml:30:17-75
80                android:value="androidx.startup" />
80-->[androidx.emoji2:emoji2:1.3.0] AndroidManifest.xml:31:17-49
81            <meta-data
81-->[androidx.lifecycle:lifecycle-process:2.7.0] AndroidManifest.xml:29:13-31:52
82                android:name="androidx.lifecycle.ProcessLifecycleInitializer"
82-->[androidx.lifecycle:lifecycle-process:2.7.0] AndroidManifest.xml:30:17-78
83                android:value="androidx.startup" />
83-->[androidx.lifecycle:lifecycle-process:2.7.0] AndroidManifest.xml:31:17-49
84            <meta-data
84-->[androidx.profileinstaller:profileinstaller:1.3.1] AndroidManifest.xml:29:13-31:52
85                android:name="androidx.profileinstaller.ProfileInstallerInitializer"
85-->[androidx.profileinstaller:profileinstaller:1.3.1] AndroidManifest.xml:30:17-85
86                android:value="androidx.startup" />
86-->[androidx.profileinstaller:profileinstaller:1.3.1] AndroidManifest.xml:31:17-49
87        </provider>
88
89        <receiver
89-->[androidx.profileinstaller:profileinstaller:1.3.1] AndroidManifest.xml:34:9-52:20
90            android:name="androidx.profileinstaller.ProfileInstallReceiver"
90-->[androidx.profileinstaller:profileinstaller:1.3.1] AndroidManifest.xml:35:13-76
91            android:directBootAware="false"
91-->[androidx.profileinstaller:profileinstaller:1.3.1] AndroidManifest.xml:36:13-44
92            android:enabled="true"
92-->[androidx.profileinstaller:profileinstaller:1.3.1] AndroidManifest.xml:37:13-35
93            android:exported="true"
93-->[androidx.profileinstaller:profileinstaller:1.3.1] AndroidManifest.xml:38:13-36
94            android:permission="android.permission.DUMP" >
94-->[androidx.profileinstaller:profileinstaller:1.3.1] AndroidManifest.xml:39:13-57
95            <intent-filter>
95-->[androidx.profileinstaller:profileinstaller:1.3.1] AndroidManifest.xml:40:13-42:29
96                <action android:name="androidx.profileinstaller.action.INSTALL_PROFILE" />
96-->[androidx.profileinstaller:profileinstaller:1.3.1] AndroidManifest.xml:41:17-91
96-->[androidx.profileinstaller:profileinstaller:1.3.1] AndroidManifest.xml:41:25-88
97            </intent-filter>
98            <intent-filter>
98-->[androidx.profileinstaller:profileinstaller:1.3.1] AndroidManifest.xml:43:13-45:29
99                <action android:name="androidx.profileinstaller.action.SKIP_FILE" />
99-->[androidx.profileinstaller:profileinstaller:1.3.1] AndroidManifest.xml:44:17-85
99-->[androidx.profileinstaller:profileinstaller:1.3.1] AndroidManifest.xml:44:25-82
100            </intent-filter>
101            <intent-filter>
101-->[androidx.profileinstaller:profileinstaller:1.3.1] AndroidManifest.xml:46:13-48:29
102                <action android:name="androidx.profileinstaller.action.SAVE_PROFILE" />
102-->[androidx.profileinstaller:profileinstaller:1.3.1] AndroidManifest.xml:47:17-88
102-->[androidx.profileinstaller:profileinstaller:1.3.1] AndroidManifest.xml:47:25-85
103            </intent-filter>
104            <intent-filter>
104-->[androidx.profileinstaller:profileinstaller:1.3.1] AndroidManifest.xml:49:13-51:29
105                <action android:name="androidx.profileinstaller.action.BENCHMARK_OPERATION" />
105-->[androidx.profileinstaller:profileinstaller:1.3.1] AndroidManifest.xml:50:17-95
105-->[androidx.profileinstaller:profileinstaller:1.3.1] AndroidManifest.xml:50:25-92
106            </intent-filter>
107        </receiver>
108    </application>
109
110</manifest>